# JRE version: Java(TM) SE Runtime Environment (8.0_45-b15) (build 1.8.0_45-b15)
# Java VM: Java HotSpot(TM) Client VM (25.45-b02 mixed mode windows-x86 )
Heap:
 def new generation   total 30912K, used 1546K [0x04800000, 0x06980000, 0x09d50000)
  eden space 27520K,   5% used [0x04800000, 0x049828b8, 0x062e0000)
  from space 3392K,   0% used [0x062e0000, 0x062e0000, 0x06630000)
  to   space 3392K,   0% used [0x06630000, 0x06630000, 0x06980000)
 tenured generation   total 68532K, used 31539K [0x09d50000, 0x0e03d000, 0x14800000)
   the space 68532K,  46% used [0x09d50000, 0x0bc1cfb8, 0x0bc1d000, 0x0e03d000)
 Metaspace       used 14640K, capacity 14879K, committed 15104K, reserved 15744K
GC Heap History (10 events):
Event: 19.481 GC heap before
{Heap before GC invocations=90 (full 4):
 def new generation   total 30912K, used 29407K [0x04800000, 0x06980000, 0x09d50000)
  eden space 27520K, 100% used [0x04800000, 0x062e0000, 0x062e0000)
  from space 3392K,  55% used [0x062e0000, 0x064b7e60, 0x06630000)
  to   space 3392K,   0% used [0x06630000, 0x06630000, 0x06980000)
 tenured generation   total 68532K, used 51072K [0x09d50000, 0x0e03d000, 0x14800000)
   the space 68532K,  74% used [0x09d50000, 0x0cf301c0, 0x0cf30200, 0x0e03d000)
 Metaspace       used 14737K, capacity 15015K, committed 15104K, reserved 15744K
Event: 19.486 GC heap after
Heap after GC invocations=91 (full 4):
 def new generation   total 30912K, used 2106K [0x04800000, 0x06980000, 0x09d50000)
  eden space 27520K,   0% used [0x04800000, 0x04800000, 0x062e0000)
  from space 3392K,  62% used [0x06630000, 0x0683eaf8, 0x06980000)
  to   space 3392K,   0% used [0x062e0000, 0x062e0000, 0x06630000)
 tenured generation   total 68532K, used 51281K [0x09d50000, 0x0e03d000, 0x14800000)
   the space 68532K,  74% used [0x09d50000, 0x0cf64640, 0x0cf64800, 0x0e03d000)
 Metaspace       used 14737K, capacity 15015K, committed 15104K, reserved 15744K
}
Event: 19.648 GC heap before
{Heap before GC invocations=91 (full 4):
 def new generation   total 30912K, used 29626K [0x04800000, 0x06980000, 0x09d50000)
  eden space 27520K, 100% used [0x04800000, 0x062e0000, 0x062e0000)
  from space 3392K,  62% used [0x06630000, 0x0683eaf8, 0x06980000)
  to   space 3392K,   0% used [0x062e0000, 0x062e0000, 0x06630000)
 tenured generation   total 68532K, used 51281K [0x09d50000, 0x0e03d000, 0x14800000)
   the space 68532K,  74% used [0x09d50000, 0x0cf64640, 0x0cf64800, 0x0e03d000)
 Metaspace       used 14737K, capacity 15015K, committed 15104K, reserved 15744K
Event: 19.651 GC heap after
Heap after GC invocations=92 (full 4):
 def new generation   total 30912K, used 741K [0x04800000, 0x06980000, 0x09d50000)
  eden space 27520K,   0% used [0x04800000, 0x04800000, 0x062e0000)
  from space 3392K,  21% used [0x062e0000, 0x06399400, 0x06630000)
  to   space 3392K,   0% used [0x06630000, 0x06630000, 0x06980000)
 tenured generation   total 68532K, used 51793K [0x09d50000, 0x0e03d000, 0x14800000)
   the space 68532K,  75% used [0x09d50000, 0x0cfe47c8, 0x0cfe4800, 0x0e03d000)
 Metaspace       used 14737K, capacity 15015K, committed 15104K, reserved 15744K
}
Event: 19.848 GC heap before
{Heap before GC invocations=92 (full 4):
 def new generation   total 30912K, used 28261K [0x04800000, 0x06980000, 0x09d50000)
  eden space 27520K, 100% used [0x04800000, 0x062e0000, 0x062e0000)
  from space 3392K,  21% used [0x062e0000, 0x06399400, 0x06630000)
  to   space 3392K,   0% used [0x06630000, 0x06630000, 0x06980000)
 tenured generation   total 68532K, used 51793K [0x09d50000, 0x0e03d000, 0x14800000)
   the space 68532K,  75% used [0x09d50000, 0x0cfe47c8, 0x0cfe4800, 0x0e03d000)
 Metaspace       used 14737K, capacity 15015K, committed 15104K, reserved 15744K
Event: 19.850 GC heap after
Heap after GC invocations=93 (full 4):
 def new generation   total 30912K, used 284K [0x04800000, 0x06980000, 0x09d50000)
  eden space 27520K,   0% used [0x04800000, 0x04800000, 0x062e0000)
  from space 3392K,   8% used [0x06630000, 0x06677290, 0x06980000)
  to   space 3392K,   0% used [0x062e0000, 0x062e0000, 0x06630000)
 tenured generation   total 68532K, used 51793K [0x09d50000, 0x0e03d000, 0x14800000)
   the space 68532K,  75% used [0x09d50000, 0x0cfe47c8, 0x0cfe4800, 0x0e03d000)
 Metaspace       used 14737K, capacity 15015K, committed 15104K, reserved 15744K
}
Event: 20.030 GC heap before
{Heap before GC invocations=93 (full 4):
 def new generation   total 30912K, used 27804K [0x04800000, 0x06980000, 0x09d50000)
  eden space 27520K, 100% used [0x04800000, 0x062e0000, 0x062e0000)
  from space 3392K,   8% used [0x06630000, 0x06677290, 0x06980000)
  to   space 3392K,   0% used [0x062e0000, 0x062e0000, 0x06630000)
 tenured generation   total 68532K, used 51793K [0x09d50000, 0x0e03d000, 0x14800000)
   the space 68532K,  75% used [0x09d50000, 0x0cfe47c8, 0x0cfe4800, 0x0e03d000)
 Metaspace       used 14737K, capacity 15015K, committed 15104K, reserved 15744K
Event: 20.032 GC heap after
Heap after GC invocations=94 (full 4):
 def new generation   total 30912K, used 378K [0x04800000, 0x06980000, 0x09d50000)
  eden space 27520K,   0% used [0x04800000, 0x04800000, 0x062e0000)
  from space 3392K,  11% used [0x062e0000, 0x0633ea20, 0x06630000)
  to   space 3392K,   0% used [0x06630000, 0x06630000, 0x06980000)
 tenured generation   total 68532K, used 51793K [0x09d50000, 0x0e03d000, 0x14800000)
   the space 68532K,  75% used [0x09d50000, 0x0cfe47c8, 0x0cfe4800, 0x0e03d000)
 Metaspace       used 14737K, capacity 15015K, committed 15104K, reserved 15744K
}
Event: 46.370 GC heap before
{Heap before GC invocations=94 (full 4):
 def new generation   total 30912K, used 19636K [0x04800000, 0x06980000, 0x09d50000)
  eden space 27520K,  69% used [0x04800000, 0x05ace6c8, 0x062e0000)
  from space 3392K,  11% used [0x062e0000, 0x0633ea20, 0x06630000)
  to   space 3392K,   0% used [0x06630000, 0x06630000, 0x06980000)
 tenured generation   total 68532K, used 51793K [0x09d50000, 0x0e03d000, 0x14800000)
   the space 68532K,  75% used [0x09d50000, 0x0cfe47c8, 0x0cfe4800, 0x0e03d000)
 Metaspace       used 14820K, capacity 15079K, committed 15104K, reserved 15744K
Event: 46.433 GC heap after
Heap after GC invocations=95 (full 5):
 def new generation   total 30912K, used 0K [0x04800000, 0x06980000, 0x09d50000)
  eden space 27520K,   0% used [0x04800000, 0x04800000, 0x062e0000)
  from space 3392K,   0% used [0x062e0000, 0x062e0000, 0x06630000)
  to   space 3392K,   0% used [0x06630000, 0x06630000, 0x06980000)
 tenured generation   total 68532K, used 31539K [0x09d50000, 0x0e03d000, 0x14800000)
   the space 68532K,  46% used [0x09d50000, 0x0bc1cfb8, 0x0bc1d000, 0x0e03d000)
 Metaspace       used 14637K, capacity 14879K, committed 15104K, reserved 15744K
}

